<?xml version="1.0" encoding="UTF-8"?>
<!-- Generated by org.testng.reporters.JUnitXMLReporter -->
<testsuite ignored="1" hostname="DESKTOP-IGBPCA6" failures="0" tests="2" name="FullFlowTest" time="23.926" errors="0" timestamp="2025-06-16T12:24:58 IST">
  <testcase classname="test.LaunchBrowser" name="TestActionClass" time="1.654"/>
  <testcase classname="test.LaunchBrowser" name="Search" time="14.735"/>
  <testcase classname="test.LaunchBrowser" name="performInitialSetup" time="0.0">
    <ignored/>
  </testcase> <!-- performInitialSetup -->
</testsuite> <!-- FullFlowTest -->
