<?xml version="1.0" encoding="UTF-8"?>
<!-- Generated by org.testng.reporters.JUnitXMLReporter -->
<testsuite ignored="2" hostname="DESKTOP-IGBPCA6" failures="1" tests="1" name="SmokeTesting" time="0.078" errors="0" timestamp="2025-06-16T12:42:22 IST">
  <testcase classname="test.LaunchBrowser" name="Search" time="0.019">
    <failure type="java.lang.IllegalArgumentException" message="Driver must be set">
      <![CDATA[java.lang.IllegalArgumentException: Driver must be set
at org.openqa.selenium.internal.Require.nonNull(Require.java:64)
at org.openqa.selenium.interactions.Actions.<init>(Actions.java:67)
at org.openqa.selenium.interactions.Actions.<init>(Actions.java:63)
at test.LaunchBrowser.performInitialSetup(LaunchBrowser.java:40)
at test.LaunchBrowser.Search(LaunchBrowser.java:54)
at java.base/java.util.ArrayList.forEach(ArrayList.java:1596)
... Removed 25 stack frames]]>
    </failure>
  </testcase> <!-- Search -->
  <testcase classname="test.LaunchBrowser" name="TestActionClass" time="0.0">
    <ignored/>
  </testcase> <!-- TestActionClass -->
  <testcase classname="test.LaunchBrowser" name="performInitialSetup" time="0.0">
    <ignored/>
  </testcase> <!-- performInitialSetup -->
</testsuite> <!-- SmokeTesting -->
